[ERROR] 2020-08-29 23:11:04.581 AllureLogger:18 - Logged to allure: I am in onTestFailure method testSendAndDeleteLetter failed
[ERROR] 2020-08-29 23:36:18.967 AllureLogger:18 - Logged to allure: null
[ERROR] 2020-08-29 23:36:40.434 AllureLogger:18 - Logged to allure: I am in onTestFailure method testSendAndDeleteLetter failed
[ERROR] 2020-08-31 17:34:48.895 AllureLogger:18 - Logged to allure: null
[ERROR] 2020-08-31 17:35:12.713 AllureLogger:18 - Logged to allure: I am in onTestFailure method testSendAndDeleteLetter failed
[ERROR] 2020-08-31 17:37:45.542 AllureLogger:18 - Logged to allure: null
[ERROR] 2020-08-31 17:38:14.533 AllureLogger:18 - Logged to allure: I am in onTestFailure method testSendAndDeleteLetter failed
[ERROR] 2020-08-31 21:58:53.641 AllureLogger:18 - Logged to allure: I am in onTestFailure method testSendAndDeleteLetter failed
[ERROR] 2020-08-31 22:02:24.165 AllureLogger:18 - Logged to allure: I am in onTestFailure method testSendAndDeleteLetter failed
[ERROR] 2020-08-31 22:04:51.266 AllureLogger:18 - Logged to allure: I am in onTestFailure method testSendAndDeleteLetter failed
[ERROR] 2020-08-31 23:24:03.278 AllureLogger:18 - Logged to allure: I am in onTestFailure method testSendAndDeleteLetter failed
[ERROR] 2020-09-01 00:13:51.397 AllureLogger:18 - Logged to allure: I am in onTestFailure method testSendAndDeleteLetter failed
[ERROR] 2020-09-02 09:50:46.244 AllureLogger:18 - Logged to allure: I am in onTestFailure method testSendAndDeleteLetter failed
[ERROR] 2020-09-02 10:45:09.451 AllureLogger:18 - Logged to allure: I am in onTestFailure method testSendAndDeleteLetter failed
[ERROR] 2020-09-02 10:45:30.381 AllureLogger:18 - Logged to allure: null
[ERROR] 2020-09-02 11:05:32.377 AllureLogger:18 - Logged to allure: I am in onTestFailure method testSendAndDeleteLetter failed
[ERROR] 2020-09-02 16:56:12.114 AllureLogger:18 - Logged to allure: I am in onTestFailure method testSendAndDeleteLetter failed
[ERROR] 2020-09-02 17:26:34.370 AllureLogger:18 - Logged to allure: I am in onTestFailure method testSendAndDeleteLetter failed
[ERROR] 2020-09-02 17:38:44.877 AllureLogger:18 - Logged to allure: null
[ERROR] 2020-09-02 17:38:50.921 AllureLogger:18 - Logged to allure: I am in onTestFailure method testSendAndDeleteLetter failed
[ERROR] 2020-09-02 17:39:10.108 AllureLogger:18 - Logged to allure: null
[ERROR] 2020-09-03 10:28:28.008 AllureLogger:18 - Logged to allure: I am in onTestFailure method testSendAndDeleteLetter failed
[ERROR] 2020-09-03 20:25:44.990 AllureLogger:23 - I am in onTestFailure method testSendAndDeleteLetter failed
[ERROR] 2020-09-03 20:42:17.571 AllureLogger:23 - I am in onTestFailure method testSendAndDeleteLetter failed
[ERROR] 2020-09-06 20:56:12.249 AllureLogger:23 - I am in onTestFailure method testSendAndDeleteLetter failed
[ERROR] 2020-09-06 20:56:12.580 AllureLogger:23 - Error message:  Subject of the letter does not match ! expected [Test subject] but found [Default subject]
[ERROR] 2020-09-06 21:07:24.182 AllureLogger:23 - I am in onTestFailure method testSendAndDeleteLetter failed
[ERROR] 2020-09-06 21:07:24.221 AllureLogger:23 - Error message: Expected condition failed: waiting for wait.CustomWait$$Lambda$388/521050787@489c6cfe (tried for 0 second(s) with 500 milliseconds interval)
Build info: version: '4.0.0-alpha-3', revision: '8c567de6dc'
System info: host: 'NAZAR', ip: '192.168.0.103', os.name: 'Windows 10', os.arch: 'amd64', os.version: '10.0', java.version: '1.8.0_251'
Driver info: driver.version: unknown
[ERROR] 2020-09-06 21:07:25.084 AllureLogger:23 - I am in onTestFailure method testSendAndDeleteLetter failed
[ERROR] 2020-09-06 21:07:25.089 AllureLogger:23 - Error message: Expected condition failed: waiting for wait.CustomWait$$Lambda$388/521050787@489c6cfe (tried for 0 second(s) with 500 milliseconds interval)
Build info: version: '4.0.0-alpha-3', revision: '8c567de6dc'
System info: host: 'NAZAR', ip: '192.168.0.103', os.name: 'Windows 10', os.arch: 'amd64', os.version: '10.0', java.version: '1.8.0_251'
Driver info: driver.version: unknown
[ERROR] 2020-09-06 21:08:08.984 AllureLogger:23 - I am in onTestFailure method testSendAndDeleteLetter failed
[ERROR] 2020-09-06 21:08:08.987 AllureLogger:23 - Error message: Expected condition failed: waiting for wait.CustomWait$$Lambda$388/521050787@489c6cfe (tried for 0 second(s) with 500 milliseconds interval)
Build info: version: '4.0.0-alpha-3', revision: '8c567de6dc'
System info: host: 'NAZAR', ip: '192.168.0.103', os.name: 'Windows 10', os.arch: 'amd64', os.version: '10.0', java.version: '1.8.0_251'
Driver info: driver.version: unknown
[ERROR] 2020-09-06 21:10:03.955 AllureLogger:23 - I am in onTestFailure method testSendAndDeleteLetter failed
[ERROR] 2020-09-06 21:10:03.957 AllureLogger:23 - Error message: stale element reference: element is not attached to the page document
  (Session info: chrome=85.0.4183.83)
For documentation on this error, please visit: https://www.seleniumhq.org/exceptions/stale_element_reference.html
Build info: version: '4.0.0-alpha-3', revision: '8c567de6dc'
System info: host: 'NAZAR', ip: '192.168.0.103', os.name: 'Windows 10', os.arch: 'amd64', os.version: '10.0', java.version: '1.8.0_251'
Driver info: org.openqa.selenium.chrome.ChromeDriver
Capabilities {acceptInsecureCerts: false, browserName: chrome, browserVersion: 85.0.4183.83, chrome: {chromedriverVersion: 85.0.4183.87 (cd6713ebf92fa..., userDataDir: C:\Users\Nazar\AppData\Loca...}, goog:chromeOptions: {debuggerAddress: localhost:57932}, javascriptEnabled: true, networkConnectionEnabled: false, pageLoadStrategy: normal, platform: WINDOWS, platformName: WINDOWS, proxy: Proxy(), setWindowRect: true, strictFileInteractability: false, timeouts: {implicit: 0, pageLoad: 300000, script: 30000}, unhandledPromptBehavior: dismiss and notify, webauthn:virtualAuthenticators: true}
Session ID: c9f99635524420cd79b6d32942d905c0
[ERROR] 2020-09-06 21:16:49.970 AllureLogger:23 - I am in onTestFailure method testSendAndDeleteLetter failed
[ERROR] 2020-09-06 21:16:49.997 AllureLogger:23 - Error message: Expected condition failed: waiting for wait.CustomWait$$Lambda$384/605215988@525f8c37 (tried for 0 second(s) with 500 milliseconds interval)
Build info: version: '4.0.0-alpha-3', revision: '8c567de6dc'
System info: host: 'NAZAR', ip: '192.168.0.103', os.name: 'Windows 10', os.arch: 'amd64', os.version: '10.0', java.version: '1.8.0_251'
Driver info: driver.version: unknown
[ERROR] 2020-09-06 21:16:49.970 AllureLogger:23 - I am in onTestFailure method testSendAndDeleteLetter failed
[ERROR] 2020-09-06 21:16:50.002 AllureLogger:23 - Error message: Expected condition failed: waiting for wait.CustomWait$$Lambda$384/605215988@525f8c37 (tried for 0 second(s) with 500 milliseconds interval)
Build info: version: '4.0.0-alpha-3', revision: '8c567de6dc'
System info: host: 'NAZAR', ip: '192.168.0.103', os.name: 'Windows 10', os.arch: 'amd64', os.version: '10.0', java.version: '1.8.0_251'
Driver info: driver.version: unknown
[ERROR] 2020-09-06 21:17:54.290 AllureLogger:23 - I am in onTestFailure method testSendAndDeleteLetter failed
[ERROR] 2020-09-06 21:17:54.292 AllureLogger:23 - Error message: Expected condition failed: waiting for wait.CustomWait$$Lambda$384/605215988@525f8c37 (tried for 0 second(s) with 500 milliseconds interval)
Build info: version: '4.0.0-alpha-3', revision: '8c567de6dc'
System info: host: 'NAZAR', ip: '192.168.0.103', os.name: 'Windows 10', os.arch: 'amd64', os.version: '10.0', java.version: '1.8.0_251'
Driver info: driver.version: unknown
[ERROR] 2020-09-06 21:17:54.331 AllureLogger:23 - I am in onTestFailure method testSendAndDeleteLetter failed
[ERROR] 2020-09-06 21:17:54.334 AllureLogger:23 - Error message: Expected condition failed: waiting for wait.CustomWait$$Lambda$384/605215988@525f8c37 (tried for 0 second(s) with 500 milliseconds interval)
Build info: version: '4.0.0-alpha-3', revision: '8c567de6dc'
System info: host: 'NAZAR', ip: '192.168.0.103', os.name: 'Windows 10', os.arch: 'amd64', os.version: '10.0', java.version: '1.8.0_251'
Driver info: driver.version: unknown
[ERROR] 2020-09-06 21:22:29.423 AllureLogger:23 - I am in onTestFailure method testSendAndDeleteLetter failed
[ERROR] 2020-09-06 21:22:29.454 AllureLogger:23 - Error message: Expected condition failed: waiting for visibility of [[ChromeDriver: chrome on WINDOWS (196f90aa088f3cbeffa2870808c80dad)] -> name: password] (tried for 0 second(s) with 500 milliseconds interval)
Build info: version: '4.0.0-alpha-3', revision: '8c567de6dc'
System info: host: 'NAZAR', ip: '192.168.0.103', os.name: 'Windows 10', os.arch: 'amd64', os.version: '10.0', java.version: '1.8.0_251'
Driver info: driver.version: unknown
[ERROR] 2020-09-06 21:23:26.188 AllureLogger:23 - I am in onTestFailure method testSendAndDeleteLetter failed
[ERROR] 2020-09-06 21:23:26.197 AllureLogger:23 - Error message: Expected condition failed: waiting for visibility of [[ChromeDriver: chrome on WINDOWS (726bea8c82c42a9063dc46b9fc4cf38d)] -> name: password] (tried for 0 second(s) with 500 milliseconds interval)
[ERROR] 2020-09-06 21:24:03.522 AllureLogger:23 - I am in onTestFailure method testSendAndDeleteLetter failed
[ERROR] 2020-09-06 21:24:03.523 AllureLogger:23 - Error message: Expected condition failed: waiting for visibility of [[ChromeDriver: chrome on WINDOWS (d2b0b88850255bb851f189cb70ebd365)] -> name: password] (tried for 0 second(s) with 500 milliseconds interval)
[ERROR] 2020-09-06 21:24:51.144 AllureLogger:23 - While looking for the Custom element: [[ChromeDriver: chrome on WINDOWS (eccb91e4b15cf12e5a5cdf819fc5eab0)] -> xpath: //div[@class='BltHke nH oy8Mbf']//div[@class='Cp' and preceding-sibling::div[@class='Cp']]//table/tbody/tr[1]/td[@class='oZ-x3 xY']] throw an Exception: Expected condition failed: waiting for visibility of [[ChromeDriver: chrome on WINDOWS (eccb91e4b15cf12e5a5cdf819fc5eab0)] -> xpath: //div[@class='BltHke nH oy8Mbf']//div[@class='Cp' and preceding-sibling::div[@class='Cp']]//table/tbody/tr[1]/td[@class='oZ-x3 xY']] (tried for 0 second(s) with 500 milliseconds interval)
[ERROR] 2020-09-06 21:43:00.466 AllureLogger:23 - I am in onTestFailure method testSendAndDeleteLetter failed
[ERROR] 2020-09-06 21:43:00.467 AllureLogger:23 - Error message: Expected condition failed: waiting for visibility of [[ChromeDriver: chrome on WINDOWS (74d4905fb0c255321cfdb9de53460264)] -> xpath: //div[@class='BltHke nH oy8Mbf']//div[@class='Cp' and preceding-sibling::div[@class='Cp']]//table/tbody/tr[1]/td[@class='yX xY ']/div[@class='yW']/span] (tried for 0 second(s) with 500 milliseconds interval)
[ERROR] 2020-09-06 21:44:07.637 AllureLogger:23 - I am in onTestFailure method testSendAndDeleteLetter failed
[ERROR] 2020-09-06 21:44:07.639 AllureLogger:23 - Error message: Expected condition failed: waiting for visibility of [[ChromeDriver: chrome on WINDOWS (18527906530d5362014354c8abab5810)] -> name: password] (tried for 0 second(s) with 500 milliseconds interval)
Build info: version: '4.0.0-alpha-3', revision: '8c567de6dc'
System info: host: 'NAZAR', ip: '192.168.0.103', os.name: 'Windows 10', os.arch: 'amd64', os.version: '10.0', java.version: '1.8.0_251'
Driver info: driver.version: unknown
[ERROR] 2020-09-06 21:57:42.404 AllureLogger:23 - I am in onTestFailure method testSendAndDeleteLetter failed
[ERROR] 2020-09-06 21:57:42.406 AllureLogger:23 - Error message: Expected condition failed: waiting for visibility of [[ChromeDriver: chrome on WINDOWS (e2658259a37c03ed73e2c7437b37dccd)] -> name: password] (tried for 0 second(s) with 500 milliseconds interval)
[ERROR] 2020-09-06 21:59:07.499 AllureLogger:23 - While looking for the Custom element: [[ChromeDriver: chrome on WINDOWS (1e4c0083f565a8d67d5d4698d3de9c01)] -> xpath: //div[@class='BltHke nH oy8Mbf']//div[@class='Cp' and preceding-sibling::div[@class='Cp']]//table/tbody/tr[1]/td[@class='oZ-x3 xY']] throw an Exception: Expected condition failed: waiting for visibility of [[ChromeDriver: chrome on WINDOWS (1e4c0083f565a8d67d5d4698d3de9c01)] -> xpath: //div[@class='BltHke nH oy8Mbf']//div[@class='Cp' and preceding-sibling::div[@class='Cp']]//table/tbody/tr[1]/td[@class='oZ-x3 xY']] (tried for 0 second(s) with 500 milliseconds interval)
[ERROR] 2020-09-06 21:59:13.203 AllureLogger:23 - I am in onTestFailure method testSendAndDeleteLetter failed
[ERROR] 2020-09-06 21:59:13.204 AllureLogger:23 - Error message: Expected condition failed: waiting for visibility of [[ChromeDriver: chrome on WINDOWS (44784bbe9afb61dc74efe1762e9f4633)] -> name: password] (tried for 0 second(s) with 500 milliseconds interval)
Build info: version: '4.0.0-alpha-3', revision: '8c567de6dc'
System info: host: 'NAZAR', ip: '192.168.0.103', os.name: 'Windows 10', os.arch: 'amd64', os.version: '10.0', java.version: '1.8.0_251'
Driver info: driver.version: unknown
[ERROR] 2020-09-06 22:15:24.279 AllureLogger:23 - I am in onTestFailure method testSendAndDeleteLetter failed
[ERROR] 2020-09-06 22:15:24.496 AllureLogger:23 - Error message: element click intercepted: Element <li class="bqX bru" data-tooltip="Видалити" jsaction="zM6fo" jscontroller="pmCKac"></li> is not clickable at point (10, 10). Other element would receive the click: <div class="gb_3c gb_ad gb_bd" style="min-width: 238px;">...</div>
  (Session info: chrome=85.0.4183.83)
Build info: version: '4.0.0-alpha-3', revision: '8c567de6dc'
System info: host: 'NAZAR', ip: '192.168.0.103', os.name: 'Windows 10', os.arch: 'amd64', os.version: '10.0', java.version: '1.8.0_251'
Driver info: org.openqa.selenium.chrome.ChromeDriver
Capabilities {acceptInsecureCerts: false, browserName: chrome, browserVersion: 85.0.4183.83, chrome: {chromedriverVersion: 85.0.4183.87 (cd6713ebf92fa..., userDataDir: C:\Users\Nazar\AppData\Loca...}, goog:chromeOptions: {debuggerAddress: localhost:58982}, javascriptEnabled: true, networkConnectionEnabled: false, pageLoadStrategy: normal, platform: WINDOWS, platformName: WINDOWS, proxy: Proxy(), setWindowRect: true, strictFileInteractability: false, timeouts: {implicit: 0, pageLoad: 300000, script: 30000}, unhandledPromptBehavior: dismiss and notify, webauthn:virtualAuthenticators: true}
Session ID: 3b95fd925bbd7a7ab5de45f4e39320d3
[ERROR] 2020-09-06 22:44:31.155 AllureLogger:23 - I am in onTestFailure method testSendAndDeleteLetter failed
[ERROR] 2020-09-06 22:44:31.273 AllureLogger:23 - Error message: Expected condition failed: waiting for wait.CustomWait$$Lambda$387/1728157787@26bc75a8 (tried for 0 second(s) with 500 milliseconds interval)
Build info: version: '4.0.0-alpha-3', revision: '8c567de6dc'
System info: host: 'NAZAR', ip: '192.168.0.103', os.name: 'Windows 10', os.arch: 'amd64', os.version: '10.0', java.version: '1.8.0_251'
Driver info: driver.version: unknown
[ERROR] 2020-09-06 22:45:28.984 AllureLogger:23 - I am in onTestFailure method testSendAndDeleteLetter failed
[ERROR] 2020-09-06 22:45:28.986 AllureLogger:23 - Error message: Expected condition failed: waiting for visibility of [[ChromeDriver: chrome on WINDOWS (6b7a90478de6700b6e477161db32f9b8)] -> xpath: //div[@class='BltHke nH oy8Mbf']//div[@class='Cp' and preceding-sibling::div[@class='Cp']]//table/tbody/tr[1]/td[@class='bq4 xY']/ul/li[@class='bqX bru']] (tried for 0 second(s) with 500 milliseconds interval)
Build info: version: '4.0.0-alpha-3', revision: '8c567de6dc'
System info: host: 'NAZAR', ip: '192.168.0.103', os.name: 'Windows 10', os.arch: 'amd64', os.version: '10.0', java.version: '1.8.0_251'
Driver info: driver.version: unknown
[ERROR] 2020-09-07 13:48:27.986 AllureLogger:23 - I am in onTestFailure method testSendAndDeleteLetter failed
[ERROR] 2020-09-07 13:48:28.040 AllureLogger:23 - Error message: stale element reference: element is not attached to the page document
  (Session info: chrome=85.0.4183.83)
For documentation on this error, please visit: https://www.seleniumhq.org/exceptions/stale_element_reference.html
Build info: version: '4.0.0-alpha-3', revision: '8c567de6dc'
System info: host: 'NAZAR', ip: '192.168.0.103', os.name: 'Windows 10', os.arch: 'amd64', os.version: '10.0', java.version: '1.8.0_251'
Driver info: org.openqa.selenium.chrome.ChromeDriver
Capabilities {acceptInsecureCerts: false, browserName: chrome, browserVersion: 85.0.4183.83, chrome: {chromedriverVersion: 85.0.4183.87 (cd6713ebf92fa..., userDataDir: C:\Users\Nazar\AppData\Loca...}, goog:chromeOptions: {debuggerAddress: localhost:53030}, javascriptEnabled: true, networkConnectionEnabled: false, pageLoadStrategy: normal, platform: WINDOWS, platformName: WINDOWS, proxy: Proxy(), setWindowRect: true, strictFileInteractability: false, timeouts: {implicit: 0, pageLoad: 300000, script: 30000}, unhandledPromptBehavior: dismiss and notify, webauthn:virtualAuthenticators: true}
Session ID: c17c8182e39f661ec0952d97bb11d796
[ERROR] 2020-09-07 14:00:43.346 AllureLogger:23 - I am in onTestFailure method testSendAndDeleteLetter failed
[ERROR] 2020-09-07 14:00:43.392 AllureLogger:23 - Error message: Expected condition failed: waiting for visibility of [[ChromeDriver: chrome on WINDOWS (6382a9183c46bb4650fa203248de6a97)] -> xpath: //div[@class='BltHke nH oy8Mbf']//div[@class='Cp' and preceding-sibling::div[@class='Cp']]//table/tbody/tr[1]/td[@class='yX xY ']/div[@class='yW']/span] (tried for 0 second(s) with 500 milliseconds interval)
[ERROR] 2020-09-07 14:03:02.174 AllureLogger:23 - I am in onTestFailure method testSendAndDeleteLetter failed
[ERROR] 2020-09-07 14:03:02.177 AllureLogger:23 - Error message: Expected condition failed: waiting for visibility of [[ChromeDriver: chrome on WINDOWS (df121ea51cc4b8ba6388a0afdf5e488c)] -> xpath: //div[@class='BltHke nH oy8Mbf']//div[@class='Cp' and preceding-sibling::div[@class='Cp']]//table/tbody/tr[1]/td[@class='bq4 xY']/ul/li[@class='bqX bru']] (tried for 0 second(s) with 500 milliseconds interval)
[ERROR] 2020-09-07 14:08:51.121 AllureLogger:23 - I am in onTestFailure method testSendAndDeleteLetter failed
[ERROR] 2020-09-07 14:08:51.139 AllureLogger:23 - Error message: Expected condition failed: waiting for visibility of [[ChromeDriver: chrome on WINDOWS (dd9be629b413dd66e87f6ae4fe2fa27b)] -> xpath: //div[@class='BltHke nH oy8Mbf']//div[@class='Cp' and preceding-sibling::div[@class='Cp']]//table/tbody/tr[1]/td[@class='yX xY ']/div[@class='yW']/span] (tried for 0 second(s) with 500 milliseconds interval)
[ERROR] 2020-09-07 14:11:04.852 AllureLogger:23 - I am in onTestFailure method testSendAndDeleteLetter failed
[ERROR] 2020-09-07 14:11:04.856 AllureLogger:23 - Error message: Expected condition failed: waiting for visibility of [[ChromeDriver: chrome on WINDOWS (cb86e99f0e2e5a743a89e94d5e6e6d37)] -> xpath: //div[@class='BltHke nH oy8Mbf']//div[@class='Cp' and preceding-sibling::div[@class='Cp']]//table/tbody/tr[1]//span[@class='bog']/span] (tried for 0 second(s) with 500 milliseconds interval)
Build info: version: '4.0.0-alpha-3', revision: '8c567de6dc'
System info: host: 'NAZAR', ip: '192.168.0.103', os.name: 'Windows 10', os.arch: 'amd64', os.version: '10.0', java.version: '1.8.0_251'
Driver info: driver.version: unknown
[ERROR] 2020-09-07 14:27:14.157 AllureLogger:23 - I am in onTestFailure method testSendAndDeleteLetter failed
[ERROR] 2020-09-07 14:27:14.189 AllureLogger:23 - Error message: Expected condition failed: waiting for visibility of [[ChromeDriver: chrome on WINDOWS (2e724e11a17a1a2d7654910ba26724a0)] -> xpath: //div[@class='BltHke nH oy8Mbf']//div[@class='Cp' and preceding-sibling::div[@class='Cp']]//table/tbody/tr[1]/td[@class='yX xY ']/div[@class='yW']/span] (tried for 0 second(s) with 500 milliseconds interval)
[ERROR] 2020-09-07 14:43:46.886 AllureLogger:23 - I am in onTestFailure method testSendAndDeleteLetter failed
[ERROR] 2020-09-07 14:43:46.904 AllureLogger:23 - Error message: Logination failed did not expect to find [true] but found [false]
[ERROR] 2020-09-07 18:14:55.562 AllureLogger:23 - I am in onTestFailure method testSendAndDeleteLetter failed
[ERROR] 2020-09-07 18:14:55.561 AllureLogger:23 - I am in onTestFailure method testSendAndDeleteLetter failed
[ERROR] 2020-09-07 18:14:57.365 AllureLogger:23 - Error message: Expected condition failed: waiting for visibility of [[ChromeDriver: chrome on WINDOWS (197601c602dcb1065c83fea58d57cd12)] -> xpath: //div[@class='BltHke nH oy8Mbf']//div[@class='Cp' and preceding-sibling::div[@class='Cp']]//table/tbody/tr[1]//span[@class='bog']/span] (tried for 0 second(s) with 500 milliseconds interval)
[ERROR] 2020-09-07 18:14:57.773 AllureLogger:23 - Error message: Expected condition failed: waiting for visibility of [[ChromeDriver: chrome on WINDOWS (946671875f000f3df19d08b3a7d6be00)] -> xpath: //div[@class='BltHke nH oy8Mbf']//div[@class='Cp' and preceding-sibling::div[@class='Cp']]//table/tbody/tr[1]//span[@class='bog']/span] (tried for 0 second(s) with 500 milliseconds interval)
[ERROR] 2020-10-07 10:10:41.910 AllureLogger:23 - I am in onTestFailure method testSendAndDeleteLetter failed
[ERROR] 2020-10-07 10:10:41.910 AllureLogger:23 - I am in onTestFailure method testSendAndDeleteLetter failed
[ERROR] 2020-10-07 10:10:41.910 AllureLogger:23 - Error message:  Logination failed did not expect to find [true] but found [false]
[ERROR] 2020-10-07 10:10:41.910 AllureLogger:23 - Error message:  Logination failed did not expect to find [true] but found [false]
[ERROR] 2020-10-07 10:10:42.066 AllureLogger:23 - I am in onTestFailure method testSendAndDeleteLetter failed
[ERROR] 2020-10-07 10:10:42.066 AllureLogger:23 - Error message:  Logination failed did not expect to find [true] but found [false]
[ERROR] 2020-10-07 10:12:17.359 AllureLogger:23 - I am in onTestFailure method testSendAndDeleteLetter failed
[ERROR] 2020-10-07 10:12:17.359 AllureLogger:23 - I am in onTestFailure method testSendAndDeleteLetter failed
[ERROR] 2020-10-07 10:12:17.359 AllureLogger:23 - Error message:  Logination failed did not expect to find [true] but found [false]
[ERROR] 2020-10-07 10:12:17.359 AllureLogger:23 - Error message:  Logination failed did not expect to find [true] but found [false]
[ERROR] 2020-10-07 10:25:08.240 AllureLogger:23 - I am in onTestFailure method testSendAndDeleteLetter failed
[ERROR] 2020-10-07 10:25:08.241 AllureLogger:23 - Error message: Expected condition failed: waiting for visibility of [[ChromeDriver: chrome on WINDOWS (9d5ecc41aff237492434a9bfd842f220)] -> xpath: //div[@class='BltHke nH oy8Mbf']//div[@class='Cp' and preceding-sibling::div[@class='Cp']]//table/tbody/tr[1]//span[@class='bog']/span] (tried for 0 second(s) with 500 milliseconds interval)
Build info: version: '4.0.0-alpha-3', revision: '8c567de6dc'
System info: host: 'EPUALVIW060E', ip: '192.168.0.101', os.name: 'Windows 10', os.arch: 'amd64', os.version: '10.0', java.version: '1.8.0_261'
Driver info: driver.version: unknown
[ERROR] 2020-10-07 10:44:53.540 AllureLogger:23 - I am in onTestFailure method testSendAndDeleteLetter failed
[ERROR] 2020-10-07 10:44:53.541 AllureLogger:23 - Error message: Expected condition failed: waiting for visibility of [[ChromeDriver: chrome on WINDOWS (601c6340c56eb0c29cdc1185b594cc8b)] -> xpath: //div[@class='BltHke nH oy8Mbf']//div[@class='Cp' and preceding-sibling::div[@class='Cp']]//table/tbody/tr[1]//span[@class='bog']/span] (tried for 0 second(s) with 500 milliseconds interval)
Build info: version: '4.0.0-alpha-3', revision: '8c567de6dc'
System info: host: 'EPUALVIW060E', ip: '192.168.0.101', os.name: 'Windows 10', os.arch: 'amd64', os.version: '10.0', java.version: '1.8.0_261'
Driver info: driver.version: unknown
[ERROR] 2020-10-07 10:47:59.986 AllureLogger:23 - I am in onTestFailure method testSendAndDeleteLetter failed
[ERROR] 2020-10-07 10:47:59.986 AllureLogger:23 - Error message: Expected condition failed: waiting for visibility of [[ChromeDriver: chrome on WINDOWS (a11bac7a99982ec470ae600d5d032021)] -> xpath: //div[@class='BltHke nH oy8Mbf']//div[@class='Cp' and preceding-sibling::div[@class='Cp']]//table/tbody/tr[1]//span[@class='bog']/span] (tried for 0 second(s) with 500 milliseconds interval)
Build info: version: '4.0.0-alpha-3', revision: '8c567de6dc'
System info: host: 'EPUALVIW060E', ip: '192.168.0.101', os.name: 'Windows 10', os.arch: 'amd64', os.version: '10.0', java.version: '1.8.0_261'
Driver info: driver.version: unknown
[ERROR] 2020-10-07 10:49:12.261 AllureLogger:23 - I am in onTestFailure method testSendAndDeleteLetter failed
[ERROR] 2020-10-07 10:49:12.262 AllureLogger:23 - Error message: Expected condition failed: waiting for wait.CustomWait$$Lambda$374/368599534@4cdc1d81 (tried for 0 second(s) with 500 milliseconds interval)
Build info: version: '4.0.0-alpha-3', revision: '8c567de6dc'
System info: host: 'EPUALVIW060E', ip: '192.168.0.101', os.name: 'Windows 10', os.arch: 'amd64', os.version: '10.0', java.version: '1.8.0_261'
Driver info: driver.version: unknown
[ERROR] 2020-10-07 11:07:26.203 AllureLogger:23 - I am in onTestFailure method testSendAndDeleteLetter failed
[ERROR] 2020-10-07 11:07:26.203 AllureLogger:23 - Error message: Expected condition failed: waiting for visibility of [[ChromeDriver: chrome on WINDOWS (dd0cf3488c74049fa1fdd5abf1752c00)] -> xpath: //div[@class='BltHke nH oy8Mbf']//div[@class='Cp' and preceding-sibling::div[@class='Cp']]//table/tbody/tr[1]//span[@class='bog']/span] (tried for 0 second(s) with 500 milliseconds interval)
Build info: version: '4.0.0-alpha-3', revision: '8c567de6dc'
System info: host: 'EPUALVIW060E', ip: '192.168.0.101', os.name: 'Windows 10', os.arch: 'amd64', os.version: '10.0', java.version: '1.8.0_261'
Driver info: driver.version: unknown
[ERROR] 2020-10-07 11:46:17.130 AllureLogger:23 - I am in onTestFailure method testSendAndDeleteLetter failed
[ERROR] 2020-10-07 11:46:17.131 AllureLogger:23 - Error message: Expected condition failed: waiting for wait.CustomWait$$Lambda$374/180676240@6c53f543 (tried for 0 second(s) with 500 milliseconds interval)
Build info: version: '4.0.0-alpha-3', revision: '8c567de6dc'
System info: host: 'EPUALVIW060E', ip: '192.168.0.101', os.name: 'Windows 10', os.arch: 'amd64', os.version: '10.0', java.version: '1.8.0_261'
Driver info: driver.version: unknown
[ERROR] 2020-10-07 11:56:10.282 AllureLogger:23 - I am in onTestFailure method testSendAndDeleteLetter failed
[ERROR] 2020-10-07 11:56:10.283 AllureLogger:23 - Error message: stale element reference: element is not attached to the page document
  (Session info: chrome=86.0.4240.75)
For documentation on this error, please visit: https://www.seleniumhq.org/exceptions/stale_element_reference.html
Build info: version: '4.0.0-alpha-3', revision: '8c567de6dc'
System info: host: 'EPUALVIW060E', ip: '192.168.0.101', os.name: 'Windows 10', os.arch: 'amd64', os.version: '10.0', java.version: '1.8.0_261'
Driver info: org.openqa.selenium.chrome.ChromeDriver
Capabilities {acceptInsecureCerts: false, browserName: chrome, browserVersion: 86.0.4240.75, chrome: {chromedriverVersion: 85.0.4183.87 (cd6713ebf92fa..., userDataDir: C:\Users\NAZAR_~1\AppData\L...}, goog:chromeOptions: {debuggerAddress: localhost:59621}, javascriptEnabled: true, networkConnectionEnabled: false, pageLoadStrategy: normal, platform: WINDOWS, platformName: WINDOWS, proxy: Proxy(), setWindowRect: true, strictFileInteractability: false, timeouts: {implicit: 0, pageLoad: 300000, script: 30000}, unhandledPromptBehavior: dismiss and notify, webauthn:virtualAuthenticators: true}
Session ID: 28e617dbc5d8fc5b216801c21618274e
[ERROR] 2020-10-07 11:56:10.917 AllureLogger:23 - I am in onTestFailure method testSendAndDeleteLetter failed
[ERROR] 2020-10-07 11:56:10.918 AllureLogger:23 - Error message: stale element reference: element is not attached to the page document
  (Session info: chrome=86.0.4240.75)
For documentation on this error, please visit: https://www.seleniumhq.org/exceptions/stale_element_reference.html
Build info: version: '4.0.0-alpha-3', revision: '8c567de6dc'
System info: host: 'EPUALVIW060E', ip: '192.168.0.101', os.name: 'Windows 10', os.arch: 'amd64', os.version: '10.0', java.version: '1.8.0_261'
Driver info: org.openqa.selenium.chrome.ChromeDriver
Capabilities {acceptInsecureCerts: false, browserName: chrome, browserVersion: 86.0.4240.75, chrome: {chromedriverVersion: 85.0.4183.87 (cd6713ebf92fa..., userDataDir: C:\Users\NAZAR_~1\AppData\L...}, goog:chromeOptions: {debuggerAddress: localhost:59618}, javascriptEnabled: true, networkConnectionEnabled: false, pageLoadStrategy: normal, platform: WINDOWS, platformName: WINDOWS, proxy: Proxy(), setWindowRect: true, strictFileInteractability: false, timeouts: {implicit: 0, pageLoad: 300000, script: 30000}, unhandledPromptBehavior: dismiss and notify, webauthn:virtualAuthenticators: true}
Session ID: 5b8e71db46c21ce01b9c8e00b505f7a3
[ERROR] 2020-10-07 11:56:13.024 AllureLogger:23 - I am in onTestFailure method testSendAndDeleteLetter failed
[ERROR] 2020-10-07 11:56:13.025 AllureLogger:23 - Error message: Expected condition failed: waiting for visibility of [[ChromeDriver: chrome on WINDOWS (6c9331e26130bc8ebdc97659269d9376)] -> xpath: //div[@class='BltHke nH oy8Mbf']//div[@class='Cp' and preceding-sibling::div[@class='Cp']]//table/tbody/tr[1]//span[@class='bog']/span] (tried for 0 second(s) with 500 milliseconds interval)
Build info: version: '4.0.0-alpha-3', revision: '8c567de6dc'
System info: host: 'EPUALVIW060E', ip: '192.168.0.101', os.name: 'Windows 10', os.arch: 'amd64', os.version: '10.0', java.version: '1.8.0_261'
Driver info: driver.version: unknown
[ERROR] 2020-10-07 11:56:31.718 AllureLogger:23 - I am in onTestFailure method testSendAndDeleteLetter failed
[ERROR] 2020-10-07 11:56:31.718 AllureLogger:23 - Error message: Expected condition failed: waiting for wait.CustomWait$$Lambda$845/459062372@6c047f35 (tried for 0 second(s) with 500 milliseconds interval)
Build info: version: '4.0.0-alpha-3', revision: '8c567de6dc'
System info: host: 'EPUALVIW060E', ip: '192.168.0.101', os.name: 'Windows 10', os.arch: 'amd64', os.version: '10.0', java.version: '1.8.0_261'
Driver info: driver.version: unknown
[ERROR] 2020-10-07 11:58:01.785 AllureLogger:23 - I am in onTestFailure method testSendAndDeleteLetter failed
[ERROR] 2020-10-07 11:58:01.787 AllureLogger:23 - Error message: Expected condition failed: waiting for wait.CustomWait$$Lambda$374/1761048302@19b0f61c (tried for 0 second(s) with 500 milliseconds interval)
Build info: version: '4.0.0-alpha-3', revision: '8c567de6dc'
System info: host: 'EPUALVIW060E', ip: '192.168.0.101', os.name: 'Windows 10', os.arch: 'amd64', os.version: '10.0', java.version: '1.8.0_261'
Driver info: driver.version: unknown
[ERROR] 2020-10-07 12:06:01.908 AllureLogger:23 - I am in onTestFailure method testSendAndDeleteLetter failed
[ERROR] 2020-10-07 12:06:01.909 AllureLogger:23 - Error message: Expected condition failed: waiting for visibility of [[ChromeDriver: chrome on WINDOWS (7d7eed68b9da67dcc04c3a146d444e92)] -> xpath: //div[@class='BltHke nH oy8Mbf']//div[@class='Cp' and preceding-sibling::div[@class='Cp']]//table/tbody/tr[1]//span[@class='bog']/span] (tried for 0 second(s) with 500 milliseconds interval)
Build info: version: '4.0.0-alpha-3', revision: '8c567de6dc'
System info: host: 'EPUALVIW060E', ip: '192.168.0.101', os.name: 'Windows 10', os.arch: 'amd64', os.version: '10.0', java.version: '1.8.0_261'
Driver info: driver.version: unknown
[ERROR] 2020-10-07 12:06:42.232 AllureLogger:23 - I am in onTestFailure method testSendAndDeleteLetter failed
[ERROR] 2020-10-07 12:06:42.232 AllureLogger:23 - Error message: Expected condition failed: waiting for visibility of [[ChromeDriver: chrome on WINDOWS (32cb7c86c501019d0242572fe4e957ec)] -> xpath: //div[@class='BltHke nH oy8Mbf']//div[@class='Cp' and preceding-sibling::div[@class='Cp']]//table/tbody/tr[1]//span[@class='bog']/span] (tried for 0 second(s) with 500 milliseconds interval)
Build info: version: '4.0.0-alpha-3', revision: '8c567de6dc'
System info: host: 'EPUALVIW060E', ip: '192.168.0.101', os.name: 'Windows 10', os.arch: 'amd64', os.version: '10.0', java.version: '1.8.0_261'
Driver info: driver.version: unknown
[ERROR] 2020-10-07 12:11:36.615 AllureLogger:23 - I am in onTestFailure method testSendAndDeleteLetter failed
[ERROR] 2020-10-07 12:11:36.616 AllureLogger:23 - Error message: Expected condition failed: waiting for visibility of [[ChromeDriver: chrome on WINDOWS (db84aa0d3d2c49fbfce30b7539e4c928)] -> xpath: //div[@class='BltHke nH oy8Mbf']//div[@class='Cp' and preceding-sibling::div[@class='Cp']]//table/tbody/tr[1]//span[@class='bog']/span] (tried for 0 second(s) with 500 milliseconds interval)
Build info: version: '4.0.0-alpha-3', revision: '8c567de6dc'
System info: host: 'EPUALVIW060E', ip: '192.168.0.101', os.name: 'Windows 10', os.arch: 'amd64', os.version: '10.0', java.version: '1.8.0_261'
Driver info: driver.version: unknown
[ERROR] 2020-10-07 12:23:52.228 AllureLogger:23 - I am in onTestFailure method testSendAndDeleteLetter failed
[ERROR] 2020-10-07 12:23:52.229 AllureLogger:23 - Error message: stale element reference: element is not attached to the page document
  (Session info: chrome=86.0.4240.75)
For documentation on this error, please visit: https://www.seleniumhq.org/exceptions/stale_element_reference.html
Build info: version: '4.0.0-alpha-3', revision: '8c567de6dc'
System info: host: 'EPUALVIW060E', ip: '192.168.0.101', os.name: 'Windows 10', os.arch: 'amd64', os.version: '10.0', java.version: '1.8.0_261'
Driver info: org.openqa.selenium.chrome.ChromeDriver
Capabilities {acceptInsecureCerts: false, browserName: chrome, browserVersion: 86.0.4240.75, chrome: {chromedriverVersion: 85.0.4183.87 (cd6713ebf92fa..., userDataDir: C:\Users\NAZAR_~1\AppData\L...}, goog:chromeOptions: {debuggerAddress: localhost:57121}, javascriptEnabled: true, networkConnectionEnabled: false, pageLoadStrategy: normal, platform: WINDOWS, platformName: WINDOWS, proxy: Proxy(), setWindowRect: true, strictFileInteractability: false, timeouts: {implicit: 0, pageLoad: 300000, script: 30000}, unhandledPromptBehavior: dismiss and notify, webauthn:virtualAuthenticators: true}
Session ID: 87e5d73d4495cf92af79d091d4a06a58
[ERROR] 2020-12-07 09:36:51.748 AllureLogger:23 - I am in onTestFailure method testSendAndDeleteLetter failed
[ERROR] 2020-12-07 09:36:51.748 AllureLogger:23 - I am in onTestFailure method testSendAndDeleteLetter failed
[ERROR] 2020-12-07 09:36:51.780 AllureLogger:23 - I am in onTestFailure method testSendAndDeleteLetter failed
[ERROR] 2020-12-07 09:36:51.780 AllureLogger:23 - I am in onTestFailure method testSendAndDeleteLetter failed
[ERROR] 2020-12-07 09:36:51.809 AllureLogger:23 - I am in onTestFailure method testSendAndDeleteLetter failed
[ERROR] 2020-12-07 09:36:53.308 AllureLogger:23 - I am in onTestFailure method testSendAndDeleteLetter failed
[ERROR] 2020-12-07 09:39:06.477 AllureLogger:23 - I am in onTestFailure method testSendAndDeleteLetter failed
[ERROR] 2020-12-07 09:39:07.542 AllureLogger:23 - I am in onTestFailure method testSendAndDeleteLetter failed
[ERROR] 2020-12-07 09:53:27.038 AllureLogger:23 - 535-5.7.8 Username and Password not accepted. Learn more at
535 5.7.8  https://support.google.com/mail/?p=BadCredentials j13sm2819717lfk.164 - gsmtp

[ERROR] 2020-12-07 09:54:54.523 AllureLogger:23 - I am in onTestFailure method testSendAndDeleteLetter failed
[ERROR] 2020-12-07 09:54:54.524 AllureLogger:23 - Error message:  Logination failed did not expect to find [true] but found [false]
[ERROR] 2020-12-07 09:57:27.104 AllureLogger:23 - 535-5.7.8 Username and Password not accepted. Learn more at
535 5.7.8  https://support.google.com/mail/?p=BadCredentials e2sm1482529lft.20 - gsmtp

[ERROR] 2020-12-07 09:57:47.518 AllureLogger:23 - I am in onTestFailure method testSendAndDeleteLetter failed
[ERROR] 2020-12-07 09:57:47.519 AllureLogger:23 - Error message:  The recipientEmail of the last letter has not changed after deleting  ! did not expect to find [nazar_lw@ukr.net] but found [nazar_lw@ukr.net]
[ERROR] 2020-12-07 10:10:04.740 AllureLogger:23 - I am in onTestFailure method testSendAndDeleteLetter failed
[ERROR] 2020-12-07 10:10:04.741 AllureLogger:23 - Error message: stale element reference: element is not attached to the page document
  (Session info: chrome=87.0.4280.88)
For documentation on this error, please visit: https://www.seleniumhq.org/exceptions/stale_element_reference.html
Build info: version: '4.0.0-alpha-3', revision: '8c567de6dc'
System info: host: 'EPUALVIW060E', ip: '192.168.0.103', os.name: 'Windows 10', os.arch: 'amd64', os.version: '10.0', java.version: '1.8.0_261'
Driver info: org.openqa.selenium.chrome.ChromeDriver
Capabilities {acceptInsecureCerts: false, browserName: chrome, browserVersion: 87.0.4280.88, chrome: {chromedriverVersion: 87.0.4280.88 (89e2380a3e36c..., userDataDir: C:\Users\NAZAR_~1\AppData\L...}, goog:chromeOptions: {debuggerAddress: localhost:64056}, javascriptEnabled: true, networkConnectionEnabled: false, pageLoadStrategy: normal, platform: WINDOWS, platformName: WINDOWS, proxy: Proxy(), setWindowRect: true, strictFileInteractability: false, timeouts: {implicit: 0, pageLoad: 300000, script: 30000}, unhandledPromptBehavior: dismiss and notify, webauthn:virtualAuthenticators: true}
Session ID: 31bbf9bd33c3017e9764b528a1747297
[ERROR] 2020-12-21 17:20:29.496 AllureLogger:23 - I am in onTestFailure method testSendAndDeleteLetter failed
[ERROR] 2020-12-21 17:20:29.500 AllureLogger:23 - Error message: no such window: target window already closed
from unknown error: web view not found
  (Session info: chrome=87.0.4280.88)
Build info: version: '4.0.0-alpha-3', revision: '8c567de6dc'
System info: host: 'EPUALVIW060E', ip: '192.168.0.103', os.name: 'Windows 10', os.arch: 'amd64', os.version: '10.0', java.version: '1.8.0_261'
Driver info: org.openqa.selenium.chrome.ChromeDriver
Capabilities {acceptInsecureCerts: false, browserName: chrome, browserVersion: 87.0.4280.88, chrome: {chromedriverVersion: 87.0.4280.88 (89e2380a3e36c..., userDataDir: C:\Users\NAZAR_~1\AppData\L...}, goog:chromeOptions: {debuggerAddress: localhost:58856}, javascriptEnabled: true, networkConnectionEnabled: false, pageLoadStrategy: normal, platform: WINDOWS, platformName: WINDOWS, proxy: Proxy(), setWindowRect: true, strictFileInteractability: false, timeouts: {implicit: 0, pageLoad: 300000, script: 30000}, unhandledPromptBehavior: dismiss and notify, webauthn:virtualAuthenticators: true}
Session ID: 66f72e5a873817c04d886adb162d1934
*** Element info: {Using=xpath, value=//img[@class='gb_Ha gbii']}
[ERROR] 2020-12-21 17:20:29.512 AllureLogger:23 - I am in onTestFailure method testSendAndDeleteLetter failed
[ERROR] 2020-12-21 17:20:29.513 AllureLogger:23 - Error message: no such window: target window already closed
from unknown error: web view not found
  (Session info: chrome=87.0.4280.88)
Build info: version: '4.0.0-alpha-3', revision: '8c567de6dc'
System info: host: 'EPUALVIW060E', ip: '192.168.0.103', os.name: 'Windows 10', os.arch: 'amd64', os.version: '10.0', java.version: '1.8.0_261'
Driver info: org.openqa.selenium.chrome.ChromeDriver
Capabilities {acceptInsecureCerts: false, browserName: chrome, browserVersion: 87.0.4280.88, chrome: {chromedriverVersion: 87.0.4280.88 (89e2380a3e36c..., userDataDir: C:\Users\NAZAR_~1\AppData\L...}, goog:chromeOptions: {debuggerAddress: localhost:58856}, javascriptEnabled: true, networkConnectionEnabled: false, pageLoadStrategy: normal, platform: WINDOWS, platformName: WINDOWS, proxy: Proxy(), setWindowRect: true, strictFileInteractability: false, timeouts: {implicit: 0, pageLoad: 300000, script: 30000}, unhandledPromptBehavior: dismiss and notify, webauthn:virtualAuthenticators: true}
Session ID: 66f72e5a873817c04d886adb162d1934
[ERROR] 2021-01-08 18:15:21.172 AllureLogger:23 - I am in onTestFailure method testSendAndDeleteLetter failed
[ERROR] 2021-01-08 18:15:21.173 AllureLogger:23 - Error message:  Logination failed did not expect to find [true] but found [false]
